08-11-2023 - John
v0.1
Created Base Script
!cc
!mg
!vm

08-13-2023 - John
v0.2
MINOR CHANGE
Added Gui for Main Menu and Help

PATCH
Added Few More Functions
!uc
!ud
!mg
!mr

08-14-2023 - John
v0.3
MINOR CHANGE
Changed Template for Easier Readability
Made some changes to the notes to provide more information.
Updated Help
Additional Information GUI on Beta

PATCH
Added Few More Functions
!ar
!pr

08-23-2023 - John
v0.3.0.1
HOTFIX
Moved from Send to SendText
Moved from using {Enter} to `r (Return Carriage)

08-24-2023 - John
v0.4
MINOR CHANGE
Made Help Window Multipaged

PATCH
Added more Functions
!calg
!calr
!spg
!spr

08-25-2023 - John
v0.4.0.1
HOTFIX
Added Key Delay for more Reliability when using the script in chrome
GUI Fixes

08-28-2023 - John
v0.5
PATCH
Added Minor comments on the code
Added more Functions
!fg
!fr
!rep
!testdr

09-04-2023 - John
v0.6
MINOR CHANGE
Added ability to make custom Text using !c1 to !c5

09-05-2023 - John
v0.6.0.1
HOTFIX
Changed some Email Template

09-06-2023 - John
v0.6.1
HOTFIX
Modified !ud to !udeac to give way to a new command

PATCH
Added Function
!udel
!te

09-08-2023 - John
v0.6.1.1
HOTFIX
Templates

09-13-2023 - John
v0.6.2
PATCH
Added more Functions
!admin
!spam
!spam+
!spam-

09-14-2023 - John
v0.6.3
PATCH
Added Functions
!callna
!callnovm
!callvm

Removed
!vm

10-11-2023 - John
v0.6.4
PATCH
Added Functions
!ae
!escal

10-23-2023 - John
v0.6.5
PATCH
Added Functions
!smbxc

11-08-2023 - John
v0.6.6
PATCH
Added Functions
!proac

11-22-2023 - John
v0.6.7
HOTFIX
Modified !spam+ and !spam- to !spampos and !spamneg as the symbols were not working

PATCH
Added Functions
!spamcheck

11-30-2023 - John
v0.7
MINOR CHANGE
Reading User Information and Signature from Configuration Rather than enetring each time
Added functionality to create Global Settings that can be used anywhere on the Program
Added !sig to be able to attach Signature only on the email esp if written manually

12-19-2023
v0.7.1
PATCH
Added Function
!adming

12-20-2023
v0.7.1.1
BUGFIX

12-29-2023
v2023.1229 Pre-Release
Major Change on Versioning
Added more details on !proac hotscript

01-08-2024
v2024.0108 Pre-Release
!udeac script has been changed to allow separated actions to be emailed

Added Templates
!newuser

02-15-2024
v2024.0215 Pre-Release
APP CHANGES
Added Company Setting

SCRIPT CHANGES
!adming - Added Disclaimer about the risks and charges involved
!mg - Added Send As Template
!mg - Added more Detailed instruction for Shared Mailboxes in OWA
!mg - Modified Email
!newuser - Added Email Alias Section
!newprinter - Added New Template
!spg - Added more text
!udeac - Added section for Litigation Hold
!udel - Changed Email